<?xml version="1.0" encoding="UTF-8"?>
<TestRun id="853ead28-15f6-4bb0-bdf5-d9e148da708f" name="Sem@DESKTOP-PPD3KD3 2018-04-09 00:39:10" runUser="DESKTOP-PPD3KD3\Sem" xmlns="http://microsoft.com/schemas/VisualStudio/TeamTest/2010">
  <TestSettings name="Default Test Settings" id="5157e371-0e22-4ad9-aee8-1d1c232b81dc">
    <Execution>
      <TestTypeSpecific />
      <AgentRule name="Execution Agents">
      </AgentRule>
    </Execution>
    <Deployment runDeploymentRoot="Sem_DESKTOP-PPD3KD3 2018-04-09 00_39_10" />
    <Properties />
  </TestSettings>
  <Times creation="2018-04-09T00:39:10.9295445-07:00" queuing="2018-04-09T00:39:11.5261080-07:00" start="2018-04-09T00:39:11.7685997-07:00" finish="2018-04-09T00:39:29.3420667-07:00" />
  <ResultSummary outcome="Failed">
    <Counters total="1" executed="1" error="0" failed="1" timeout="0" aborted="0" inconclusive="0" passedButRunAborted="0" notRunnable="0" notExecuted="0" disconnected="0" warning="0" passed="0" completed="0" inProgress="0" pending="0" />
  </ResultSummary>
  <TestDefinitions>
    <UnitTest name="TestMethod1" storage="seleniumtest\bin\debug\seleniumtest.dll" id="cf368e27-4c70-391f-b0f8-9178cc496249">
      <Execution id="46ffff96-13ba-49fd-9e44-99782704fc6f" />
      <TestMethod codeBase="C:/Users/Sem/Desktop/GitRepo/SeleniumTest/SeleniumTest/bin/Debug/SeleniumTest.DLL" adapterTypeName="Microsoft.VisualStudio.TestTools.TestTypes.Unit.UnitTestAdapter, Microsoft.VisualStudio.QualityTools.Tips.UnitTest.Adapter, Version=14.0.0.0, Culture=neutral, PublicKeyToken=b03f5f7f11d50a3a" className="SeleniumTest.UnitTest1, SeleniumTest, Version=1.0.0.0, Culture=neutral, PublicKeyToken=null" name="TestMethod1" />
    </UnitTest>
  </TestDefinitions>
  <TestLists>
    <TestList name="Results Not in a List" id="8c84fa94-04c1-424b-9868-57a2d4851a1d" />
    <TestList name="All Loaded Results" id="19431567-8539-422a-85d7-44ee4e166bda" />
  </TestLists>
  <TestEntries>
    <TestEntry testId="cf368e27-4c70-391f-b0f8-9178cc496249" executionId="46ffff96-13ba-49fd-9e44-99782704fc6f" testListId="8c84fa94-04c1-424b-9868-57a2d4851a1d" />
  </TestEntries>
  <Results>
    <UnitTestResult executionId="46ffff96-13ba-49fd-9e44-99782704fc6f" testId="cf368e27-4c70-391f-b0f8-9178cc496249" testName="TestMethod1" computerName="DESKTOP-PPD3KD3" duration="00:00:17.0812854" startTime="2018-04-09T00:39:11.7747918-07:00" endTime="2018-04-09T00:39:29.1685977-07:00" testType="13cdc9d9-ddb5-4fa4-a97d-d965ccfc6d4b" outcome="Failed" testListId="8c84fa94-04c1-424b-9868-57a2d4851a1d" relativeResultsDirectory="46ffff96-13ba-49fd-9e44-99782704fc6f">
      <Output>
        <ErrorInfo>
          <Message>Test method SeleniumTest.UnitTest1.TestMethod1 threw exception: 
OpenQA.Selenium.WebDriverException: Unexpected error. System.Net.WebException: Unable to connect to the remote server ---&gt; System.Net.Sockets.SocketException: No connection could be made because the target machine actively refused it 127.0.0.1:6731
   at System.Net.Sockets.Socket.DoConnect(EndPoint endPointSnapshot, SocketAddress socketAddress)
   at System.Net.ServicePoint.ConnectSocketInternal(Boolean connectFailure, Socket s4, Socket s6, Socket&amp; socket, IPAddress&amp; address, ConnectSocketState state, IAsyncResult asyncResult, Exception&amp; exception)
   --- End of inner exception stack trace ---
   at System.Net.HttpWebRequest.GetRequestStream(TransportContext&amp; context)
   at System.Net.HttpWebRequest.GetRequestStream()
   at OpenQA.Selenium.Remote.HttpCommandExecutor.MakeHttpRequest(HttpRequestInfo requestInfo)
   at OpenQA.Selenium.Remote.HttpCommandExecutor.Execute(Command commandToExecute)
   at OpenQA.Selenium.Remote.DriverServiceCommandExecutor.Execute(Command commandToExecute)
   at OpenQA.Selenium.Remote.RemoteWebDriver.Execute(String driverCommandToExecute, Dictionary`2 parameters)</Message>
          <StackTrace>    at OpenQA.Selenium.Remote.RemoteWebDriver.UnpackAndThrowOnError(Response errorResponse)
   at OpenQA.Selenium.Remote.RemoteWebDriver.Execute(String driverCommandToExecute, Dictionary`2 parameters)
   at OpenQA.Selenium.Remote.RemoteWebDriver.FindElement(String mechanism, String value)
   at OpenQA.Selenium.Remote.RemoteWebDriver.FindElementByName(String name)
   at OpenQA.Selenium.By.&lt;&gt;c__DisplayClass18_0.&lt;Name&gt;b__0(ISearchContext context)
   at OpenQA.Selenium.By.FindElement(ISearchContext context)
   at OpenQA.Selenium.Remote.RemoteWebDriver.FindElement(By by)
   at SeleniumTest.UnitTest1.TestMethod1() in C:\Users\Sem\Desktop\GitRepo\SeleniumTest\SeleniumTest\UnitTest1.cs:line 19
</StackTrace>
        </ErrorInfo>
      </Output>
    </UnitTestResult>
  </Results>
</TestRun>